-------------------------------------------------
The trace creation timestamp is: Sun May 21 15:42:14 23
The executable build timestamp is: Thu Mar 10 10:54:22 22
The datecode is: 2022014
The pro machine type is: x86e_win64
The process ID is: 5740
The traceback type is : CRASH
The logger exit status is: 00003
The Trail is: PRO_trl.txt.22
The release is: 8.0
The product version is: 8.0.4.0
The product title is: Creo Parametric
-------------------------------------------------
Exception EXCEPTION_ACCESS_VIOLATION has occurred in the thread 19316.

Main Thread 19316
=====================
0x00007FFE0CE0E0A7	NULL (NULL:0) (animation:0x00007FFE0C590000) ( 0x0, 0xe14ae20, 0x1, 0x5a178af0 ) 
0x00007FFE0C7C8B5F	NULL (NULL:0) (animation:0x00007FFE0C590000) ( 0x0, 0x0, 0x0, 0x0 ) 
0x00007FFE0C7FE080	NULL (NULL:0) (animation:0x00007FFE0C590000) ( 0x51a1eca0, 0xdba4f3c, 0x563abc00, 0x9b ) 
0x00007FFE0C7B5F07	NULL (NULL:0) (animation:0x00007FFE0C590000) ( 0xffffffff, 0x67ffce80, 0x563abeb0, 0x0 ) 
0x00007FFE0C7C6DE1	NULL (NULL:0) (animation:0x00007FFE0C590000) ( 0x59194f10, 0x4, 0x2b, 0x0 ) 
0x00007FFE0C7FE7AC	NULL (NULL:0) (animation:0x00007FFE0C590000) ( 0x3, 0x180ac38, 0x4, 0xff ) 
0x00007FFE4B9B6FE1	NULL (NULL:0) (libui_sh:0x00007FFE4B830000) ( 0x180ac38, 0x4, 0x0, 0x0 ) 
0x00007FFE4B9BBCFC	NULL (NULL:0) (libui_sh:0x00007FFE4B830000) ( 0x35, 0x0, 0x0, 0xffffffff ) 
0x00007FF71E664FD7	NULL (NULL:0) (xtop:0x00007FF717540000) ( 0x1, 0xffffffff, 0x563ac4d0, 0x23dc83e8 ) 
0x00007FF71E65E814	NULL (NULL:0) (xtop:0x00007FF717540000) ( 0x0, 0x0, 0x48174bb8, 0x48174be0 ) 
0x00007FFE668694BB	NULL (NULL:0) (coretools_sh:0x00007FFE66820000) ( 0x27d6a5c0, 0x563ac629, 0x4a8182e0, 0x183ef0db ) 
0x00007FF71E664D89	NULL (NULL:0) (xtop:0x00007FF717540000) ( 0x2, 0x0, 0x156c2838, 0x250ac14 ) 
0x00007FF71DDFF23E	NULL (NULL:0) (xtop:0x00007FF717540000) ( 0x250ac14, 0x0, 0x156c2838, 0x1 ) 
0x00007FF71DDFE251	NULL (NULL:0) (xtop:0x00007FF717540000) ( 0x10, 0x0, 0x80000001, 0x0 ) 
0x00007FFE4B840884	NULL (NULL:0) (libui_sh:0x00007FFE4B830000) ( 0x10, 0x563ac790, 0x4baef810, 0x0 ) 
0x00007FFE668694BB	NULL (NULL:0) (coretools_sh:0x00007FFE66820000) ( 0x4, 0x0, 0x0, 0x0 ) 
0x00007FFE4B84A315	NULL (NULL:0) (libui_sh:0x00007FFE4B830000) ( 0x4, 0x0, 0x1, 0x1 ) 
0x00007FF71C57B3C7	NULL (NULL:0) (xtop:0x00007FF717540000) ( 0x0, 0x0, 0x1, 0x4a8182e0 ) 
0x00007FFE0D43093B	NULL (NULL:0) (animation:0x00007FFE0C590000) ( 0xdb8c3d0, 0x0, 0x563ac940, 0x1 ) 
0x00007FFE0C7FEBC7	NULL (NULL:0) (animation:0x00007FFE0C590000) ( 0x563ac940, 0x5d6eed60, 0x3f9bdc80, 0xdb6dece ) 
0x00007FFE0C7C7E6D	NULL (NULL:0) (animation:0x00007FFE0C590000) ( 0x0, 0x5d6eed60, 0x23713950, 0x563ac940 ) 
0x00007FFE0C71B043	NULL (NULL:0) (animation:0x00007FFE0C590000) ( 0x3f9bdc80, 0xffffffff, 0x0, 0x180000d ) 
0x00007FFE0C727C79	NULL (NULL:0) (animation:0x00007FFE0C590000) ( 0x3f9bdc80, 0xffffffff, 0x4bb34760, 0x588bbcc8 ) 
0x00007FFE4BAC2D76	NULL (NULL:0) (libui_sh:0x00007FFE4B830000) ( 0x0, 0x204938, 0x800000, 0x180000d ) 
0x00007FFE4B9B7885	NULL (NULL:0) (libui_sh:0x00007FFE4B830000) ( 0x3f9bdc80, 0x0, 0x180000d, 0x1ddfea60 ) 
0x00007FF71DE03F6A	NULL (NULL:0) (xtop:0x00007FF717540000) ( 0x563acd50, 0x0, 0x0, 0x3f117460 ) 
0x00007FF71DDFEA69	NULL (NULL:0) (xtop:0x00007FF717540000) ( 0x563ad010, 0x563ad060, 0x3f117418, 0xffffffff ) 
0x00007FF71E659452	NULL (NULL:0) (xtop:0x00007FF717540000) ( 0x0, 0x3f117418, 0x3f117460, 0x31 ) 
0x00007FF71E659B7E	NULL (NULL:0) (xtop:0x00007FF717540000) ( 0x1, 0x0, 0x0, 0x31 ) 
0x00007FF71E664FD7	NULL (NULL:0) (xtop:0x00007FF717540000) ( 0x1, 0x0, 0x563ad300, 0x23dc83e8 ) 
0x00007FF71E65E814	NULL (NULL:0) (xtop:0x00007FF717540000) ( 0x325d35d0, 0x6d71dc34, 0x3b, 0x8 ) 
0x00007FFE668694BB	NULL (NULL:0) (coretools_sh:0x00007FFE66820000) ( 0xdb84b38, 0x563ad549, 0xdb84b38, 0x2741d0c0 ) 
0x00007FF71E664D89	NULL (NULL:0) (xtop:0x00007FF717540000) ( 0x4, 0xdb84b38, 0x40, 0x186861d9 ) 
0x00007FF7182FEF1E	NULL (NULL:0) (xtop:0x00007FF717540000) ( 0x4, 0xffffffff, 0x1, 0x18685a2e ) 
0x00007FF71C5FE742	NULL (NULL:0) (xtop:0x00007FF717540000) ( 0xdb84b38, 0x563ad4d4, 0x1, 0x1c59e2d0 ) 
0x00007FF71C5FE6F2	NULL (NULL:0) (xtop:0x00007FF717540000) ( 0x14, 0x584d0048, 0x681af908, 0x0 ) 
0x00007FFE0D2E7645	NULL (NULL:0) (animation:0x00007FFE0C590000) ( 0xdb84b38, 0x563ad4d4, 0x40, 0x681af908 ) 
0x00007FFE0C72C75E	NULL (NULL:0) (animation:0x00007FFE0C590000) ( 0x4b, 0x0, 0x8, 0x563ae940 ) 
0x00007FFE0C72F31B	NULL (NULL:0) (animation:0x00007FFE0C590000) ( 0x584d0048, 0x563ad6e0, 0x0, 0x0 ) 
0x00007FFE0C6A8EF0	NULL (NULL:0) (animation:0x00007FFE0C590000) ( 0x8, 0x584d0048, 0x8, 0x584d0048 ) 
0x00007FF71867D47B	NULL (NULL:0) (xtop:0x00007FF717540000) ( 0x1, 0x0, 0x0, 0x1 ) 
0x00007FF718683EEB	NULL (NULL:0) (xtop:0x00007FF717540000) ( 0x1, 0x584d0048, 0x8, 0x8 ) 
0x00007FF719613EB3	NULL (NULL:0) (xtop:0x00007FF717540000) ( 0x0, 0x1, 0x563aec40, 0x563aec30 ) 
0x00007FF719620C28	NULL (NULL:0) (xtop:0x00007FF717540000) ( 0x0, 0x563aec30, 0x8, 0x563aebf0 ) 
0x00007FF719620AB9	NULL (NULL:0) (xtop:0x00007FF717540000) ( 0x0, 0x0, 0x1, 0x348 ) 
0x00007FF7196209B1	NULL (NULL:0) (xtop:0x00007FF717540000) ( 0x480d2b50, 0x23925968, 0x584d0048, 0x1848d015 ) 
0x00007FF7183B9732	NULL (NULL:0) (xtop:0x00007FF717540000) ( 0x584d0048, 0x1, 0x23925968, 0xffffffff ) 
0x00007FF7183DCCD4	NULL (NULL:0) (xtop:0x00007FF717540000) ( 0x3f1d53d0, 0xffffffff, 0x0, 0x800004 ) 
0x00007FF7183CCFDB	NULL (NULL:0) (xtop:0x00007FF717540000) ( 0x3f1d53d0, 0xffffffff, 0x4bb34760, 0x3f235148 ) 
0x00007FFE4BAC2D76	NULL (NULL:0) (libui_sh:0x00007FFE4B830000) ( 0x0, 0x204938, 0x800000, 0x800004 ) 
0x00007FFE4B9B7885	NULL (NULL:0) (libui_sh:0x00007FFE4B830000) ( 0x3f1d53d0, 0x0, 0x800004, 0x1ddfea60 ) 
0x00007FF71DE03F6A	NULL (NULL:0) (xtop:0x00007FF717540000) ( 0x563af1b0, 0x0, 0x0, 0x3ef80458 ) 
0x00007FF71DDFEA69	NULL (NULL:0) (xtop:0x00007FF717540000) ( 0x563af470, 0x563af4c0, 0x3ef80410, 0xffffffff ) 
0x00007FF71E659452	NULL (NULL:0) (xtop:0x00007FF717540000) ( 0x0, 0x3ef80410, 0x3ef80458, 0x0 ) 
0x00007FF71E659B7E	NULL (NULL:0) (xtop:0x00007FF717540000) ( 0x0, 0x0, 0x24, 0x0 ) 
0x00007FF71E664FD7	NULL (NULL:0) (xtop:0x00007FF717540000) ( 0x1, 0xffffffff, 0x563af760, 0x23dc83e8 ) 
0x00007FF71E65E814	NULL (NULL:0) (xtop:0x00007FF717540000) ( 0x7, 0x35274724, 0x0, 0x0 ) 
0x00007FFE668694BB	NULL (NULL:0) (coretools_sh:0x00007FFE66820000) ( 0x237ccd29, 0x4bbad100, 0x3, 0x1a70769a ) 
0x00007FF71E664D89	NULL (NULL:0) (xtop:0x00007FF717540000) ( 0x4bbad100, 0x0, 0x0, 0xa6011880 ) 
0x00007FF7183FE826	NULL (NULL:0) (xtop:0x00007FF717540000) ( 0x347bfc08, 0x3, 0x0, 0x0 ) 
0x00007FF718302223	NULL (NULL:0) (xtop:0x00007FF717540000) ( 0x347bfc08, 0x0, 0x4bbad100, 0x3 ) 
0x00007FF72019761A	NULL (NULL:0) (xtop:0x00007FF717540000) ( 0x1, 0x563af870, 0x347bfc08, 0x0 ) 
0x00007FF7201976CA	NULL (NULL:0) (xtop:0x00007FF717540000) ( 0x347bfc08, 0x20197640, 0x324f5750, 0x563afbb0 ) 
0x00007FFE4BA66C3C	NULL (NULL:0) (libui_sh:0x00007FFE4B830000) ( 0x347bfc08, 0x20197640, 0x563afbb0, 0x0 ) 
0x00007FFE4BA687EF	NULL (NULL:0) (libui_sh:0x00007FFE4B830000) ( 0x20197640, 0x0, 0x0, 0x237c35d8 ) 
0x00007FFE4B84F77D	NULL (NULL:0) (libui_sh:0x00007FFE4B830000) ( 0xa, 0x3, 0x347bfc08, 0x0 ) 
0x00007FF720194C22	NULL (NULL:0) (xtop:0x00007FF717540000) ( 0x0, 0x0, 0x0, 0x0 ) 
0x00007FFEA70426AD	NULL (NULL:0) (KERNEL32:0x00007FFEA7030000) ( 0x0, 0x0, 0x0, 0x0 ) 

Thread 14644
=====================
0x00007FFEA5FDACF4	NULL (NULL:0) (win32u:0x00007FFEA5FD0000) ( 0x0, 0x5826fb69, 0x34564a40, 0x0 ) 
0x00007FFE65889464	NULL (NULL:0) (asyncoremt:0x00007FFE65850000) ( 0x322fe460, 0x322fe460, 0x3454fdc0, 0x349d7150 ) 
0x00007FFE65883676	NULL (NULL:0) (asyncoremt:0x00007FFE65850000) ( 0x322fe460, 0x34564770, 0x34724b18, 0x6d71fe13 ) 
0x00007FFE658833DA	NULL (NULL:0) (asyncoremt:0x00007FFE65850000) ( 0x34564770, 0x322d08f0, 0x0, 0x34564770 ) 
0x00007FFE658837AF	NULL (NULL:0) (asyncoremt:0x00007FFE65850000) ( 0x3251d0d0, 0x0, 0x0, 0x0 ) 
0x00007FFEA6029363	NULL (NULL:0) (ucrtbase:0x00007FFEA6000000) ( 0x0, 0x0, 0x0, 0x0 ) 
0x00007FFEA70426AD	NULL (NULL:0) (KERNEL32:0x00007FFEA7030000) ( 0x0, 0x0, 0x0, 0x0 ) 

Thread 20372
=====================
0x00007FFEA88AF7A4	NULL (NULL:0) (ntdll:0x00007FFEA8810000) ( 0x323f02b4, 0x50, 0x323f0f60, 0x80 ) 
0x00007FFEA5C7FCF9	NULL (NULL:0) (KERNELBASE:0x00007FFEA5C20000) ( 0xffffffff, 0x322fe5c0, 0x347cea18, 0x58a1f6b0 ) 
0x00007FFE65851946	NULL (NULL:0) (asyncoremt:0x00007FFE65850000) ( 0xd008640, 0xd008640, 0x1, 0x322fe5c0 ) 
0x00007FFE65859204	NULL (NULL:0) (asyncoremt:0x00007FFE65850000) ( 0x1, 0x322fe570, 0x4, 0x0 ) 
0x00007FFE6588955E	NULL (NULL:0) (asyncoremt:0x00007FFE65850000) ( 0x34724b18, 0x6d720f12, 0x349d79f0, 0x349d79f0 ) 
0x00007FFE65883676	NULL (NULL:0) (asyncoremt:0x00007FFE65850000) ( 0x322fe570, 0x34565060, 0x34724b18, 0x6d71fe13 ) 
0x00007FFE658833DA	NULL (NULL:0) (asyncoremt:0x00007FFE65850000) ( 0x34565060, 0x322d08f0, 0x0, 0x34565060 ) 
0x00007FFE658837AF	NULL (NULL:0) (asyncoremt:0x00007FFE65850000) ( 0x3251cf20, 0x0, 0x0, 0x0 ) 
0x00007FFEA6029363	NULL (NULL:0) (ucrtbase:0x00007FFEA6000000) ( 0x0, 0x0, 0x0, 0x0 ) 
0x00007FFEA70426AD	NULL (NULL:0) (KERNEL32:0x00007FFEA7030000) ( 0x0, 0x0, 0x0, 0x0 ) 

Thread 19376
=====================
0x00007FFEA88AF7A4	NULL (NULL:0) (ntdll:0x00007FFEA8810000) ( 0x411e, 0xa885162f, 0xa8810000, 0x53b2bd60 ) 
0x00007FFEA5C7FCF9	NULL (NULL:0) (KERNELBASE:0x00007FFEA5C20000) ( 0x1, 0x34564638, 0x349d6d08, 0x591cfa50 ) 
0x00007FFE65851946	NULL (NULL:0) (asyncoremt:0x00007FFE65850000) ( 0xd9f3805, 0xd9f3805, 0x1, 0x34564638 ) 
0x00007FFE65859204	NULL (NULL:0) (asyncoremt:0x00007FFE65850000) ( 0x1, 0x345645e0, 0x34564ba0, 0xed07190 ) 
0x00007FFE658895CE	NULL (NULL:0) (asyncoremt:0x00007FFE65850000) ( 0x345645e0, 0x6d72c4c1, 0x3, 0x34564ba0 ) 
0x00007FFE6588400D	NULL (NULL:0) (asyncoremt:0x00007FFE65850000) ( 0x345645e0, 0x345645e0, 0x3454f690, 0x323c0870 ) 
0x00007FFE65883676	NULL (NULL:0) (asyncoremt:0x00007FFE65850000) ( 0x345645e0, 0x34564ba0, 0x34724b18, 0x6d71fe13 ) 
0x00007FFE658833DA	NULL (NULL:0) (asyncoremt:0x00007FFE65850000) ( 0x34564ba0, 0x322d08f0, 0x0, 0x34564ba0 ) 
0x00007FFE658837AF	NULL (NULL:0) (asyncoremt:0x00007FFE65850000) ( 0x3251cec0, 0x0, 0x0, 0x0 ) 
0x00007FFEA6029363	NULL (NULL:0) (ucrtbase:0x00007FFEA6000000) ( 0x0, 0x0, 0x0, 0x0 ) 
0x00007FFEA70426AD	NULL (NULL:0) (KERNEL32:0x00007FFEA7030000) ( 0x0, 0x0, 0x0, 0x0 ) 

Thread 18064
=====================
0x00007FFEA88AECD4	NULL (NULL:0) (ntdll:0x00007FFEA8810000) ( 0x10, 0x6d722ebc, 0x10, 0x325d0870 ) 
0x00007FFEA5C5480E	NULL (NULL:0) (KERNELBASE:0x00007FFEA5C20000) ( 0x325280b8, 0x0, 0x0, 0x65c ) 
0x00007FFE5C5F85EB	NULL (NULL:0) (baselibmt:0x00007FFE5C5C0000) ( 0x5c75c7b0, 0x1, 0x8, 0x40 ) 
0x00007FFE5C6A3E45	NULL (NULL:0) (baselibmt:0x00007FFE5C5C0000) ( 0x3251d500, 0x0, 0x325280a0, 0x7fffffff ) 
0x00007FFEA6029363	NULL (NULL:0) (ucrtbase:0x00007FFEA6000000) ( 0x0, 0x0, 0x0, 0x0 ) 
0x00007FFEA70426AD	NULL (NULL:0) (KERNEL32:0x00007FFEA7030000) ( 0x0, 0x0, 0x0, 0x0 ) 

Thread 17476
=====================
0x00007FFEA88B28A4	NULL (NULL:0) (ntdll:0x00007FFEA8810000) ( 0x3500b900, 0x3500b900, 0x1, 0x3500b900 ) 
0x00007FFEA884536E	NULL (NULL:0) (ntdll:0x00007FFEA8810000) ( 0x0, 0x0, 0x0, 0x0 ) 
0x00007FFEA70426AD	NULL (NULL:0) (KERNEL32:0x00007FFEA7030000) ( 0x0, 0x0, 0x0, 0x0 ) 

Thread 2436
=====================
0x00007FFEA88AF2D4	NULL (NULL:0) (ntdll:0x00007FFEA8810000) ( 0x1, 0x1e629a5d, 0x34566fb0, 0x348f03f0 ) 
0x00007FFEA8865193	NULL (NULL:0) (ntdll:0x00007FFEA8810000) ( 0x0, 0x1e62b01e, 0x5b08f7f0, 0x1a712239 ) 
0x00007FFEA5C64CAD	NULL (NULL:0) (KERNELBASE:0x00007FFEA5C20000) ( 0x0, 0x0, 0xff676980, 0x0 ) 
0x00007FF71879709F	NULL (NULL:0) (xtop:0x00007FF717540000) ( 0x34566fb0, 0x34551620, 0x34724b18, 0x0 ) 
0x00007FFE65883676	NULL (NULL:0) (asyncoremt:0x00007FFE65850000) ( 0x34566fb0, 0x3456a460, 0x34724b18, 0x40 ) 
0x00007FFE658833DA	NULL (NULL:0) (asyncoremt:0x00007FFE65850000) ( 0x3456a460, 0x322d08f0, 0x0, 0x3456a460 ) 
0x00007FFE658837AF	NULL (NULL:0) (asyncoremt:0x00007FFE65850000) ( 0x31fdd220, 0x0, 0x0, 0x0 ) 
0x00007FFEA6029363	NULL (NULL:0) (ucrtbase:0x00007FFEA6000000) ( 0x0, 0x0, 0x0, 0x0 ) 
0x00007FFEA70426AD	NULL (NULL:0) (KERNEL32:0x00007FFEA7030000) ( 0x0, 0x0, 0x0, 0x0 ) 

Thread 7232
=====================
0x00007FFEA88AF7A4	NULL (NULL:0) (ntdll:0x00007FFEA8810000) ( 0x27f, 0x0, 0x0, 0x1f80 ) 
0x00007FFEA5C7FCF9	NULL (NULL:0) (KERNELBASE:0x00007FFEA5C20000) ( 0x0, 0x0, 0x0, 0x0 ) 
0x00007FFEA5C7FBFE	NULL (NULL:0) (KERNELBASE:0x00007FFEA5C20000) ( 0x0, 0x0, 0x0, 0x0 ) 
0x00007FF71E6C23A8	NULL (NULL:0) (xtop:0x00007FF717540000) ( 0x0, 0x0, 0x0, 0x0 ) 
0x00007FFEA70426AD	NULL (NULL:0) (KERNEL32:0x00007FFEA7030000) ( 0x0, 0x0, 0x0, 0x0 ) 

Thread 11816
=====================
0x00007FFEA88B1064	NULL (NULL:0) (ntdll:0x00007FFEA8810000) ( 0x0, 0x0, 0x0, 0x0 ) 
0x00007FFEA5C4CF3D	NULL (NULL:0) (KERNELBASE:0x00007FFEA5C20000) ( 0x0, 0x0, 0x0, 0x0 ) 
0x00007FFE4BA1255C	NULL (NULL:0) (libui_sh:0x00007FFE4B830000) ( 0x4, 0x0, 0x4, 0x3563cd50 ) 
0x00007FFEA70426AD	NULL (NULL:0) (KERNEL32:0x00007FFEA7030000) ( 0x0, 0x0, 0x0, 0x0 ) 

Thread 4512
=====================
0x00007FFEA88AF7A4	NULL (NULL:0) (ntdll:0x00007FFEA8810000) ( 0x0, 0x9, 0x0, 0x5f5bf1c9 ) 
0x00007FFEA5C7FCF9	NULL (NULL:0) (KERNELBASE:0x00007FFEA5C20000) ( 0xffffffff, 0x47810e18, 0x57300048, 0x5f5bf480 ) 
0x00007FFE65851946	NULL (NULL:0) (asyncoremt:0x00007FFE65850000) ( 0xaf780de5, 0xaf780de5, 0x0, 0x47810e18 ) 
0x00007FFE65859204	NULL (NULL:0) (asyncoremt:0x00007FFE65850000) ( 0x1, 0x1, 0x34574c38, 0x0 ) 
0x00007FFE65860099	NULL (NULL:0) (asyncoremt:0x00007FFE65850000) ( 0x0, 0x0, 0x34578318, 0x0 ) 
0x00007FFE65883676	NULL (NULL:0) (asyncoremt:0x00007FFE65850000) ( 0x34578318, 0x34571640, 0x34724b18, 0x40 ) 
0x00007FFE658833DA	NULL (NULL:0) (asyncoremt:0x00007FFE65850000) ( 0x34571640, 0x322d08f0, 0x0, 0x34571640 ) 
0x00007FFE658837AF	NULL (NULL:0) (asyncoremt:0x00007FFE65850000) ( 0x353cb550, 0x0, 0x0, 0x0 ) 
0x00007FFEA6029363	NULL (NULL:0) (ucrtbase:0x00007FFEA6000000) ( 0x0, 0x0, 0x0, 0x0 ) 
0x00007FFEA70426AD	NULL (NULL:0) (KERNEL32:0x00007FFEA7030000) ( 0x0, 0x0, 0x0, 0x0 ) 

Thread 13940
=====================
0x00007FFEA88AECD4	NULL (NULL:0) (ntdll:0x00007FFEA8810000) ( 0x34599230, 0x322d0000, 0x1, 0x0 ) 
0x00007FFEA5C5480E	NULL (NULL:0) (KERNELBASE:0x00007FFEA5C20000) ( 0x34724b18, 0x345718c0, 0x0, 0xc18 ) 
0x00007FFE5C5F8617	NULL (NULL:0) (baselibmt:0x00007FFE5C5C0000) ( 0x34724b18, 0x34572201, 0x8, 0x40 ) 
0x00007FFE658834D5	NULL (NULL:0) (asyncoremt:0x00007FFE65850000) ( 0x345718e0, 0x322d08f0, 0x0, 0x345718e0 ) 
0x00007FFE658837AF	NULL (NULL:0) (asyncoremt:0x00007FFE65850000) ( 0x353cb580, 0x0, 0x0, 0x0 ) 
0x00007FFEA6029363	NULL (NULL:0) (ucrtbase:0x00007FFEA6000000) ( 0x0, 0x0, 0x0, 0x0 ) 
0x00007FFEA70426AD	NULL (NULL:0) (KERNEL32:0x00007FFEA7030000) ( 0x0, 0x0, 0x0, 0x0 ) 

Thread 17412
=====================
0x00007FFEA88AECD4	NULL (NULL:0) (ntdll:0x00007FFEA8810000) ( 0x8, 0x6d722ebc, 0x8, 0x325d0870 ) 
0x00007FFEA5C5480E	NULL (NULL:0) (KERNELBASE:0x00007FFEA5C20000) ( 0x4013d928, 0x0, 0x0, 0xc64 ) 
0x00007FFE5C5F85EB	NULL (NULL:0) (baselibmt:0x00007FFE5C5C0000) ( 0x7024a80, 0x1, 0x8, 0x40 ) 
0x00007FFE5C6A3E45	NULL (NULL:0) (baselibmt:0x00007FFE5C5C0000) ( 0x35276f00, 0x0, 0x4013d910, 0x7fffffff ) 
0x00007FFEA6029363	NULL (NULL:0) (ucrtbase:0x00007FFEA6000000) ( 0x0, 0x0, 0x0, 0x0 ) 
0x00007FFEA70426AD	NULL (NULL:0) (KERNEL32:0x00007FFEA7030000) ( 0x0, 0x0, 0x0, 0x0 ) 

Thread 19024
=====================
0x00007FFEA5FD1534	NULL (NULL:0) (win32u:0x00007FFEA5FD0000) ( 0x0, 0x0, 0x0, 0x0 ) 
0x00007FFEA66C1F16	NULL (NULL:0) (USER32:0x00007FFEA66A0000) ( 0x0, 0x0, 0x0, 0x0 ) 
0x00007FF71E6C9B53	NULL (NULL:0) (xtop:0x00007FF717540000) ( 0x0, 0x0, 0x0, 0x0 ) 
0x00007FFEA70426AD	NULL (NULL:0) (KERNEL32:0x00007FFEA7030000) ( 0x0, 0x0, 0x0, 0x0 ) 

Thread 232
=====================
0x00007FFEA88AECD4	NULL (NULL:0) (ntdll:0x00007FFEA8810000) ( 0x71a4c4b0, 0x322d0000, 0x1, 0x0 ) 
0x00007FFEA5C5480E	NULL (NULL:0) (KERNELBASE:0x00007FFEA5C20000) ( 0x34724b18, 0x34576d20, 0x0, 0xcec ) 
0x00007FFE5C5F8617	NULL (NULL:0) (baselibmt:0x00007FFE5C5C0000) ( 0x34724b18, 0x71a53b01, 0x8, 0x40 ) 
0x00007FFE658834D5	NULL (NULL:0) (asyncoremt:0x00007FFE65850000) ( 0x34576f90, 0x322d08f0, 0x0, 0x34576f90 ) 
0x00007FFE658837AF	NULL (NULL:0) (asyncoremt:0x00007FFE65850000) ( 0x353cb490, 0x0, 0x0, 0x0 ) 
0x00007FFEA6029363	NULL (NULL:0) (ucrtbase:0x00007FFEA6000000) ( 0x0, 0x0, 0x0, 0x0 ) 
0x00007FFEA70426AD	NULL (NULL:0) (KERNEL32:0x00007FFEA7030000) ( 0x0, 0x0, 0x0, 0x0 ) 

Thread 13156
=====================
0x00007FFEA88B2844	NULL (NULL:0) (ntdll:0x00007FFEA8810000) ( 0x5ff9b98e, 0x0, 0x5ff9be6e, 0x39731c70 ) 
0x00007FFEA887918B	NULL (NULL:0) (ntdll:0x00007FFEA8810000) ( 0x4023d888, 0x4023d880, 0x4023d8d0, 0x4aa794f0 ) 
0x00007FFEA5C92B39	NULL (NULL:0) (KERNELBASE:0x00007FFEA5C20000) ( 0x0, 0x4aa7943c, 0x2710, 0xffffffff ) 
0x00007FFE37D639B9	NULL (NULL:0) (atio6axx:0x00007FFE35D40000) ( 0x5ff9b06e, 0x4aa79530, 0x39731c70, 0x0 ) 
0x00007FFE37D63C1E	NULL (NULL:0) (atio6axx:0x00007FFE35D40000) ( 0x22, 0x0, 0x0, 0x0 ) 
0x00007FFE368C8243	NULL (NULL:0) (atio6axx:0x00007FFE35D40000) ( 0x5c30cf09, 0x5c30ce6b, 0x401ea2e0, 0x0 ) 
0x00007FFE368C964F	NULL (NULL:0) (atio6axx:0x00007FFE35D40000) ( 0x0, 0x0, 0x0, 0x0 ) 
0x00007FFE37D62962	NULL (NULL:0) (atio6axx:0x00007FFE35D40000) ( 0x0, 0x0, 0x0, 0x0 ) 
0x00007FFEA70426AD	NULL (NULL:0) (KERNEL32:0x00007FFEA7030000) ( 0x0, 0x0, 0x0, 0x0 ) 

Thread 11032
=====================
0x00007FFEA88B2844	NULL (NULL:0) (ntdll:0x00007FFEA8810000) ( 0x4325c080, 0x325ac900, 0x325ac8e8, 0x36729784 ) 
0x00007FFEA887918B	NULL (NULL:0) (ntdll:0x00007FFEA8810000) ( 0x4bede898, 0x4bede890, 0x4bede8e0, 0x4ec110d8 ) 
0x00007FFEA5C92B39	NULL (NULL:0) (KERNELBASE:0x00007FFEA5C20000) ( 0x0, 0x0, 0x2710, 0x0 ) 
0x00007FFE37D639B9	NULL (NULL:0) (atio6axx:0x00007FFE35D40000) ( 0x5c06bfae, 0x4ca35598, 0x0, 0x4bede958 ) 
0x00007FFE37D63C1E	NULL (NULL:0) (atio6axx:0x00007FFE35D40000) ( 0x4ca355b0, 0x0, 0x4bede680, 0x0 ) 
0x00007FFE366DD333	NULL (NULL:0) (atio6axx:0x00007FFE35D40000) ( 0x0, 0x5c30b8cf, 0x5c30cea4, 0x0 ) 
0x00007FFE3645E43F	NULL (NULL:0) (atio6axx:0x00007FFE35D40000) ( 0x408f93f0, 0x0, 0x0, 0x0 ) 
0x00007FFE37D62962	NULL (NULL:0) (atio6axx:0x00007FFE35D40000) ( 0x0, 0x0, 0x0, 0x0 ) 
0x00007FFEA70426AD	NULL (NULL:0) (KERNEL32:0x00007FFEA7030000) ( 0x0, 0x0, 0x0, 0x0 ) 

Thread 11760
=====================
0x00007FFEA88B2844	NULL (NULL:0) (ntdll:0x00007FFEA8810000) ( 0x4dd8310c, 0x36034593, 0x4b9a4340, 0xc0106900 ) 
0x00007FFEA887918B	NULL (NULL:0) (ntdll:0x00007FFEA8810000) ( 0x4023df88, 0x4023df80, 0x4023dfd0, 0x362b1148 ) 
0x00007FFEA5C92B39	NULL (NULL:0) (KERNELBASE:0x00007FFEA5C20000) ( 0x0, 0x4b9a6cc8, 0x2710, 0x3603e42b ) 
0x00007FFE37D639B9	NULL (NULL:0) (atio6axx:0x00007FFE35D40000) ( 0x5c83b13e, 0x4dd83050, 0x39731c70, 0x0 ) 
0x00007FFE37D63C1E	NULL (NULL:0) (atio6axx:0x00007FFE35D40000) ( 0xf, 0x0, 0x0, 0x0 ) 
0x00007FFE368C8243	NULL (NULL:0) (atio6axx:0x00007FFE35D40000) ( 0x236416c, 0x23640f3, 0x4021ba20, 0x0 ) 
0x00007FFE368C964F	NULL (NULL:0) (atio6axx:0x00007FFE35D40000) ( 0x408f6c90, 0x0, 0x0, 0x0 ) 
0x00007FFE37D62962	NULL (NULL:0) (atio6axx:0x00007FFE35D40000) ( 0x0, 0x0, 0x0, 0x0 ) 
0x00007FFEA70426AD	NULL (NULL:0) (KERNEL32:0x00007FFEA7030000) ( 0x0, 0x0, 0x0, 0x0 ) 

Thread 7972
=====================
0x00007FFEA88B2844	NULL (NULL:0) (ntdll:0x00007FFEA8810000) ( 0x0, 0x0, 0x0, 0x350c0f50 ) 
0x00007FFEA887918B	NULL (NULL:0) (ntdll:0x00007FFEA8810000) ( 0x4f4d3898, 0x4f4d3890, 0x4f4d38e0, 0x0 ) 
0x00007FFEA5C92B39	NULL (NULL:0) (KERNELBASE:0x00007FFEA5C20000) ( 0x0, 0x38586c50, 0x2710, 0x14 ) 
0x00007FFE37D639B9	NULL (NULL:0) (atio6axx:0x00007FFE35D40000) ( 0x5d08b00e, 0x4058e340, 0x0, 0x4f4d3958 ) 
0x00007FFE37D63C1E	NULL (NULL:0) (atio6axx:0x00007FFE35D40000) ( 0x353b1c60, 0x0, 0x4f4d3680, 0x0 ) 
0x00007FFE366DD333	NULL (NULL:0) (atio6axx:0x00007FFE35D40000) ( 0x0, 0x353c4c40, 0x23741f8, 0x0 ) 
0x00007FFE3645E43F	NULL (NULL:0) (atio6axx:0x00007FFE35D40000) ( 0x4bc5d650, 0x0, 0x0, 0x0 ) 
0x00007FFE37D62962	NULL (NULL:0) (atio6axx:0x00007FFE35D40000) ( 0x0, 0x0, 0x0, 0x0 ) 
0x00007FFEA70426AD	NULL (NULL:0) (KERNEL32:0x00007FFEA7030000) ( 0x0, 0x0, 0x0, 0x0 ) 

Thread 15816
=====================
0x00007FFEA88B2844	NULL (NULL:0) (ntdll:0x00007FFEA8810000) ( 0x35223e08, 0x3688596c, 0x4, 0x350cac98 ) 
0x00007FFEA887918B	NULL (NULL:0) (ntdll:0x00007FFEA8810000) ( 0x350cabc8, 0x350cabc0, 0x350cac10, 0x350c64c0 ) 
0x00007FFEA5C92B39	NULL (NULL:0) (KERNELBASE:0x00007FFEA5C20000) ( 0x0, 0x681adaa0, 0x350cabc0, 0x1 ) 
0x00007FFE37D639B9	NULL (NULL:0) (atio6axx:0x00007FFE35D40000) ( 0x5d95b22e, 0xa8863310, 0x0, 0x0 ) 
0x00007FFE37D63C1E	NULL (NULL:0) (atio6axx:0x00007FFE35D40000) ( 0x350caac0, 0x6821a0f8, 0x350caac0, 0x6821a0f8 ) 
0x00007FFE368A13B3	NULL (NULL:0) (atio6axx:0x00007FFE35D40000) ( 0x4e6cf630, 0x0, 0x0, 0x0 ) 
0x00007FFE368A31AF	NULL (NULL:0) (atio6axx:0x00007FFE35D40000) ( 0x402374d0, 0x0, 0x0, 0x0 ) 
0x00007FFE37D62962	NULL (NULL:0) (atio6axx:0x00007FFE35D40000) ( 0x0, 0x0, 0x0, 0x0 ) 
0x00007FFEA70426AD	NULL (NULL:0) (KERNEL32:0x00007FFEA7030000) ( 0x0, 0x0, 0x0, 0x0 ) 

Thread 6592
=====================
0x00007FFEA88B2844	NULL (NULL:0) (ntdll:0x00007FFEA8810000) ( 0x0, 0x0, 0x0, 0x0 ) 
0x00007FFEA887918B	NULL (NULL:0) (ntdll:0x00007FFEA8810000) ( 0x350caaf0, 0x350caae8, 0x350cab38, 0x0 ) 
0x00007FFEA5C92B39	NULL (NULL:0) (KERNELBASE:0x00007FFEA5C20000) ( 0x0, 0x0, 0x5a12bbce, 0x350caae8 ) 
0x00007FFE37D639B9	NULL (NULL:0) (atio6axx:0x00007FFE35D40000) ( 0x5a12be2e, 0x155cf, 0x350caac0, 0x20 ) 
0x00007FFE37D63C1E	NULL (NULL:0) (atio6axx:0x00007FFE35D40000) ( 0x0, 0x67d6d728, 0x0, 0x67d6d728 ) 
0x00007FFE368A0EAC	NULL (NULL:0) (atio6axx:0x00007FFE35D40000) ( 0x350caac0, 0x395c5238, 0x4e6cfb50, 0x0 ) 
0x00007FFE368A31AF	NULL (NULL:0) (atio6axx:0x00007FFE35D40000) ( 0x402375c0, 0x0, 0x0, 0x0 ) 
0x00007FFE37D62962	NULL (NULL:0) (atio6axx:0x00007FFE35D40000) ( 0x0, 0x0, 0x0, 0x0 ) 
0x00007FFEA70426AD	NULL (NULL:0) (KERNEL32:0x00007FFEA7030000) ( 0x0, 0x0, 0x0, 0x0 ) 

Thread 16468
=====================
0x00007FFEA88AECD4	NULL (NULL:0) (ntdll:0x00007FFEA8810000) ( 0x71a56840, 0x322d0000, 0x1, 0x0 ) 
0x00007FFEA5C5480E	NULL (NULL:0) (KERNELBASE:0x00007FFEA5C20000) ( 0x34724b18, 0x34576d30, 0x0, 0xda0 ) 
0x00007FFE5C5F8617	NULL (NULL:0) (baselibmt:0x00007FFE5C5C0000) ( 0x34724b18, 0x71a53a01, 0x8, 0x40 ) 
0x00007FFE658834D5	NULL (NULL:0) (asyncoremt:0x00007FFE65850000) ( 0x34578070, 0x322d08f0, 0x0, 0x34578070 ) 
0x00007FFE658837AF	NULL (NULL:0) (asyncoremt:0x00007FFE65850000) ( 0x31fb4a10, 0x0, 0x0, 0x0 ) 
0x00007FFEA6029363	NULL (NULL:0) (ucrtbase:0x00007FFEA6000000) ( 0x0, 0x0, 0x0, 0x0 ) 
0x00007FFEA70426AD	NULL (NULL:0) (KERNEL32:0x00007FFEA7030000) ( 0x0, 0x0, 0x0, 0x0 ) 

Thread 12456
=====================
0x00007FFEA88AF2D4	NULL (NULL:0) (ntdll:0x00007FFEA8810000) ( 0x0, 0xa6027f4a, 0x5ee0fd38, 0x668b2ddd ) 
0x00007FFEA8865193	NULL (NULL:0) (ntdll:0x00007FFEA8810000) ( 0x0, 0x1cc7ac64, 0x5ee0fd40, 0x0 ) 
0x00007FFEA5C64CAD	NULL (NULL:0) (KERNELBASE:0x00007FFEA5C20000) ( 0x0, 0x0, 0xdc3cba00, 0x0 ) 
0x00007FFE7EBB2969	NULL (NULL:0) (exitlogger_app_sh:0x00007FFE7EBB0000) ( 0x3c, 0x12c, 0x48179550, 0x0 ) 
0x00007FFE5C6A3C0F	NULL (NULL:0) (baselibmt:0x00007FFE5C5C0000) ( 0x4ef56400, 0x0, 0x4ef17bb0, 0x0 ) 
0x00007FFEA6029363	NULL (NULL:0) (ucrtbase:0x00007FFEA6000000) ( 0x0, 0x0, 0x0, 0x0 ) 
0x00007FFEA70426AD	NULL (NULL:0) (KERNEL32:0x00007FFEA7030000) ( 0x0, 0x0, 0x0, 0x0 ) 

Thread 16528
=====================
0x00007FFEA88AECD4	NULL (NULL:0) (ntdll:0x00007FFEA8810000) ( 0x71a4e350, 0xa884ab01, 0x71a4e340, 0x322d0000 ) 
0x00007FFEA5C5480E	NULL (NULL:0) (KERNELBASE:0x00007FFEA5C20000) ( 0x34724b18, 0x34576ce0, 0x0, 0xc28 ) 
0x00007FFE5C5F8617	NULL (NULL:0) (baselibmt:0x00007FFE5C5C0000) ( 0x34724b18, 0x71a53a01, 0x8, 0x40 ) 
0x00007FFE658834D5	NULL (NULL:0) (asyncoremt:0x00007FFE65850000) ( 0x3459ba10, 0x322d08f0, 0x0, 0x3459ba10 ) 
0x00007FFE658837AF	NULL (NULL:0) (asyncoremt:0x00007FFE65850000) ( 0x353218b0, 0x0, 0x0, 0x0 ) 
0x00007FFEA6029363	NULL (NULL:0) (ucrtbase:0x00007FFEA6000000) ( 0x0, 0x0, 0x0, 0x0 ) 
0x00007FFEA70426AD	NULL (NULL:0) (KERNEL32:0x00007FFEA7030000) ( 0x0, 0x0, 0x0, 0x0 ) 

Thread 18624
=====================
0x00007FFEA88AECD4	NULL (NULL:0) (ntdll:0x00007FFEA8810000) ( 0x10, 0x6d722ebc, 0x10, 0x325d0870 ) 
0x00007FFEA5C5480E	NULL (NULL:0) (KERNELBASE:0x00007FFEA5C20000) ( 0x4ef162c8, 0x0, 0x0, 0x108c ) 
0x00007FFE5C5F85EB	NULL (NULL:0) (baselibmt:0x00007FFE5C5C0000) ( 0x34950cc0, 0x1, 0x8, 0x40 ) 
0x00007FFE5C6A3E45	NULL (NULL:0) (baselibmt:0x00007FFE5C5C0000) ( 0x34e28000, 0x0, 0x4ef162b0, 0x7fffffff ) 
0x00007FFEA6029363	NULL (NULL:0) (ucrtbase:0x00007FFEA6000000) ( 0x0, 0x0, 0x0, 0x0 ) 
0x00007FFEA70426AD	NULL (NULL:0) (KERNEL32:0x00007FFEA7030000) ( 0x0, 0x0, 0x0, 0x0 ) 

Thread 4912
=====================
0x00007FFEA5FD1534	NULL (NULL:0) (win32u:0x00007FFEA5FD0000) ( 0x400, 0x6710fb20, 0x2, 0x0 ) 
0x00007FFEA66C1F16	NULL (NULL:0) (USER32:0x00007FFEA66A0000) ( 0x10a0, 0x0, 0x0, 0x0 ) 
0x00007FF71CF52B03	NULL (NULL:0) (xtop:0x00007FF717540000) ( 0x0, 0x0, 0x0, 0x0 ) 
0x00007FFEA70426AD	NULL (NULL:0) (KERNEL32:0x00007FFEA7030000) ( 0x0, 0x0, 0x0, 0x0 ) 

Thread 11452
=====================
0x00007FFEA88AF2D4	NULL (NULL:0) (ntdll:0x00007FFEA8810000) ( 0x0, 0xffffff01, 0x53, 0xffffffff ) 
0x00007FFEA8865193	NULL (NULL:0) (ntdll:0x00007FFEA8810000) ( 0x0, 0x323f1080, 0x678bf650, 0x584b1628 ) 
0x00007FFEA5C64CAD	NULL (NULL:0) (KERNELBASE:0x00007FFEA5C20000) ( 0x3, 0x0, 0xff676980, 0x1 ) 
0x00007FFE5C6A28D8	NULL (NULL:0) (baselibmt:0x00007FFE5C5C0000) ( 0x2, 0x1, 0x1, 0x0 ) 
0x00007FF71CF523C6	NULL (NULL:0) (xtop:0x00007FF717540000) ( 0x58575ce8, 0x0, 0x0, 0x584b62b8 ) 
0x00007FFE6686A644	NULL (NULL:0) (coretools_sh:0x00007FFE66820000) ( 0x48179d08, 0x48179d08, 0x0, 0x0 ) 
0x00007FFE5C6A3C0F	NULL (NULL:0) (baselibmt:0x00007FFE5C5C0000) ( 0x536d3700, 0x0, 0x4ef14ab0, 0x0 ) 
0x00007FFEA6029363	NULL (NULL:0) (ucrtbase:0x00007FFEA6000000) ( 0x0, 0x0, 0x0, 0x0 ) 
0x00007FFEA70426AD	NULL (NULL:0) (KERNEL32:0x00007FFEA7030000) ( 0x0, 0x0, 0x0, 0x0 ) 

Thread 1736
=====================
0x00007FFEA88AECD4	NULL (NULL:0) (ntdll:0x00007FFEA8810000) ( 0x345bc800, 0x65886dc7, 0x3265b108, 0x1f7b8b64 ) 
0x00007FFEA5C5480E	NULL (NULL:0) (KERNELBASE:0x00007FFEA5C20000) ( 0x658e0158, 0x32280870, 0x0, 0x434 ) 
0x00007FFE5C5F85EB	NULL (NULL:0) (baselibmt:0x00007FFE5C5C0000) ( 0x345bc730, 0x345bc730, 0x0, 0x1 ) 
0x00007FFE6588763F	NULL (NULL:0) (asyncoremt:0x00007FFE65850000) ( 0x658dc401, 0x6e71, 0x0, 0x0 ) 
0x00007FFE5C6A3C0F	NULL (NULL:0) (baselibmt:0x00007FFE5C5C0000) ( 0x52ba4e00, 0x0, 0x4ef14530, 0x0 ) 
0x00007FFEA6029363	NULL (NULL:0) (ucrtbase:0x00007FFEA6000000) ( 0x0, 0x0, 0x0, 0x0 ) 
0x00007FFEA70426AD	NULL (NULL:0) (KERNEL32:0x00007FFEA7030000) ( 0x0, 0x0, 0x0, 0x0 ) 

Thread 10340
=====================
0x00007FFEA88AECD4	NULL (NULL:0) (ntdll:0x00007FFEA8810000) ( 0x345bce90, 0x65886dc7, 0x0, 0x0 ) 
0x00007FFEA5C5480E	NULL (NULL:0) (KERNELBASE:0x00007FFEA5C20000) ( 0x658e0158, 0x66d9e920, 0x0, 0x434 ) 
0x00007FFE5C5F85EB	NULL (NULL:0) (baselibmt:0x00007FFE5C5C0000) ( 0x345bcdc0, 0x345bcdc0, 0x0, 0x1 ) 
0x00007FFE6588763F	NULL (NULL:0) (asyncoremt:0x00007FFE65850000) ( 0x658dc501, 0x7041, 0x0, 0x0 ) 
0x00007FFE5C6A3C0F	NULL (NULL:0) (baselibmt:0x00007FFE5C5C0000) ( 0x4ef56900, 0x0, 0x4ef14630, 0x0 ) 
0x00007FFEA6029363	NULL (NULL:0) (ucrtbase:0x00007FFEA6000000) ( 0x0, 0x0, 0x0, 0x0 ) 
0x00007FFEA70426AD	NULL (NULL:0) (KERNEL32:0x00007FFEA7030000) ( 0x0, 0x0, 0x0, 0x0 ) 

Thread 9708
=====================
0x00007FFEA88AECD4	NULL (NULL:0) (ntdll:0x00007FFEA8810000) ( 0x345bc560, 0x65886dc7, 0x3261f088, 0x1f7b8b64 ) 
0x00007FFEA5C5480E	NULL (NULL:0) (KERNELBASE:0x00007FFEA5C20000) ( 0x658e0158, 0x32350870, 0x0, 0x434 ) 
0x00007FFE5C5F85EB	NULL (NULL:0) (baselibmt:0x00007FFE5C5C0000) ( 0x345bc490, 0x345bc490, 0x0, 0x1 ) 
0x00007FFE6588763F	NULL (NULL:0) (asyncoremt:0x00007FFE65850000) ( 0x658dc501, 0x6e7f, 0x0, 0x0 ) 
0x00007FFE5C6A3C0F	NULL (NULL:0) (baselibmt:0x00007FFE5C5C0000) ( 0x4ef56200, 0x0, 0x4ef14fb0, 0x0 ) 
0x00007FFEA6029363	NULL (NULL:0) (ucrtbase:0x00007FFEA6000000) ( 0x0, 0x0, 0x0, 0x0 ) 
0x00007FFEA70426AD	NULL (NULL:0) (KERNEL32:0x00007FFEA7030000) ( 0x0, 0x0, 0x0, 0x0 ) 

Thread 13252
=====================
0x00007FFEA88AECD4	NULL (NULL:0) (ntdll:0x00007FFEA8810000) ( 0x345bcfe0, 0x65886dc7, 0x32620908, 0x1f7b8b64 ) 
0x00007FFEA5C5480E	NULL (NULL:0) (KERNELBASE:0x00007FFEA5C20000) ( 0x658e0158, 0x6739a240, 0x0, 0x434 ) 
0x00007FFE5C5F85EB	NULL (NULL:0) (baselibmt:0x00007FFE5C5C0000) ( 0x345bcf10, 0x345bcf10, 0x0, 0x1 ) 
0x00007FFE6588763F	NULL (NULL:0) (asyncoremt:0x00007FFE65850000) ( 0x658dc601, 0x6e86, 0x0, 0x0 ) 
0x00007FFE5C6A3C0F	NULL (NULL:0) (baselibmt:0x00007FFE5C5C0000) ( 0x4ef56500, 0x0, 0x4ef14b30, 0x0 ) 
0x00007FFEA6029363	NULL (NULL:0) (ucrtbase:0x00007FFEA6000000) ( 0x0, 0x0, 0x0, 0x0 ) 
0x00007FFEA70426AD	NULL (NULL:0) (KERNEL32:0x00007FFEA7030000) ( 0x0, 0x0, 0x0, 0x0 ) 

Thread 11396
=====================
0x00007FFEA88AECD4	NULL (NULL:0) (ntdll:0x00007FFEA8810000) ( 0x345bcbf0, 0x65886dc7, 0x3264d208, 0x1f7b8b64 ) 
0x00007FFEA5C5480E	NULL (NULL:0) (KERNELBASE:0x00007FFEA5C20000) ( 0x658e0158, 0x66fff0e0, 0x0, 0x434 ) 
0x00007FFE5C5F85EB	NULL (NULL:0) (baselibmt:0x00007FFE5C5C0000) ( 0x345bcb20, 0x345bcb20, 0x0, 0x1 ) 
0x00007FFE6588763F	NULL (NULL:0) (asyncoremt:0x00007FFE65850000) ( 0x658dc601, 0x6e8d, 0x0, 0x0 ) 
0x00007FFE5C6A3C0F	NULL (NULL:0) (baselibmt:0x00007FFE5C5C0000) ( 0x4ef56800, 0x0, 0x4ef15030, 0x0 ) 
0x00007FFEA6029363	NULL (NULL:0) (ucrtbase:0x00007FFEA6000000) ( 0x0, 0x0, 0x0, 0x0 ) 
0x00007FFEA70426AD	NULL (NULL:0) (KERNEL32:0x00007FFEA7030000) ( 0x0, 0x0, 0x0, 0x0 ) 

Thread 11404
=====================
0x00007FFEA88AECD4	NULL (NULL:0) (ntdll:0x00007FFEA8810000) ( 0x345bc6b0, 0x65886dc7, 0x3265b488, 0x1f7b8b64 ) 
0x00007FFEA5C5480E	NULL (NULL:0) (KERNELBASE:0x00007FFEA5C20000) ( 0x658e0158, 0x323535d0, 0x0, 0x434 ) 
0x00007FFE5C5F85EB	NULL (NULL:0) (baselibmt:0x00007FFE5C5C0000) ( 0x345bc5e0, 0x345bc5e0, 0x0, 0x1 ) 
0x00007FFE6588763F	NULL (NULL:0) (asyncoremt:0x00007FFE65850000) ( 0x658dc701, 0x6e94, 0x0, 0x0 ) 
0x00007FFE5C6A3C0F	NULL (NULL:0) (baselibmt:0x00007FFE5C5C0000) ( 0x4ef56800, 0x0, 0x4ef151b0, 0x0 ) 
0x00007FFEA6029363	NULL (NULL:0) (ucrtbase:0x00007FFEA6000000) ( 0x0, 0x0, 0x0, 0x0 ) 
0x00007FFEA70426AD	NULL (NULL:0) (KERNEL32:0x00007FFEA7030000) ( 0x0, 0x0, 0x0, 0x0 ) 

Thread 15788
=====================
0x00007FFEA88AECD4	NULL (NULL:0) (ntdll:0x00007FFEA8810000) ( 0x345bc950, 0x65886dc7, 0x32643788, 0x1f7b8b64 ) 
0x00007FFEA5C5480E	NULL (NULL:0) (KERNELBASE:0x00007FFEA5C20000) ( 0x658e0158, 0x32353f00, 0x0, 0x434 ) 
0x00007FFE5C5F85EB	NULL (NULL:0) (baselibmt:0x00007FFE5C5C0000) ( 0x345bc880, 0x345bc880, 0x0, 0x1 ) 
0x00007FFE6588763F	NULL (NULL:0) (asyncoremt:0x00007FFE65850000) ( 0x658dc701, 0x6e9b, 0x0, 0x0 ) 
0x00007FFE5C6A3C0F	NULL (NULL:0) (baselibmt:0x00007FFE5C5C0000) ( 0x4ef56a00, 0x0, 0x4ef14d30, 0x0 ) 
0x00007FFEA6029363	NULL (NULL:0) (ucrtbase:0x00007FFEA6000000) ( 0x0, 0x0, 0x0, 0x0 ) 
0x00007FFEA70426AD	NULL (NULL:0) (KERNEL32:0x00007FFEA7030000) ( 0x0, 0x0, 0x0, 0x0 ) 

Thread 20292
=====================
0x00007FFEA88B2844	NULL (NULL:0) (ntdll:0x00007FFEA8810000) ( 0x2e1885c, 0x36034593, 0x685dc300, 0x361218f1 ) 
0x00007FFEA887918B	NULL (NULL:0) (ntdll:0x00007FFEA8810000) ( 0x5e200988, 0x5e200980, 0x5e2009d0, 0xc0026900 ) 
0x00007FFEA5C92B39	NULL (NULL:0) (KERNELBASE:0x00007FFEA5C20000) ( 0x0, 0x2e1885c, 0x2710, 0x360418d8 ) 
0x00007FFE37D639B9	NULL (NULL:0) (atio6axx:0x00007FFE35D40000) ( 0x688eb00e, 0x3f800000, 0x39731c70, 0x0 ) 
0x00007FFE37D63C1E	NULL (NULL:0) (atio6axx:0x00007FFE35D40000) ( 0x3a, 0x0, 0x0, 0x0 ) 
0x00007FFE368C8243	NULL (NULL:0) (atio6axx:0x00007FFE35D40000) ( 0x5eeb2a9c, 0x5eeb2a70, 0x5d6afb70, 0x0 ) 
0x00007FFE368C964F	NULL (NULL:0) (atio6axx:0x00007FFE35D40000) ( 0x5dc65fe0, 0x0, 0x0, 0x0 ) 
0x00007FFE37D62962	NULL (NULL:0) (atio6axx:0x00007FFE35D40000) ( 0x0, 0x0, 0x0, 0x0 ) 
0x00007FFEA70426AD	NULL (NULL:0) (KERNEL32:0x00007FFEA7030000) ( 0x0, 0x0, 0x0, 0x0 ) 

Thread 10832
=====================
0x00007FFEA88B2844	NULL (NULL:0) (ntdll:0x00007FFEA8810000) ( 0x0, 0x350caae8, 0x350caae8, 0x53761601 ) 
0x00007FFEA887918B	NULL (NULL:0) (ntdll:0x00007FFEA8810000) ( 0x5207898, 0x5207890, 0x52078e0, 0x367ec7fa ) 
0x00007FFEA5C92B39	NULL (NULL:0) (KERNELBASE:0x00007FFEA5C20000) ( 0x0, 0x36714796, 0x2710, 0x50c7080 ) 
0x00007FFE37D639B9	NULL (NULL:0) (atio6axx:0x00007FFE35D40000) ( 0x690bb4be, 0x0, 0x0, 0x5207958 ) 
0x00007FFE37D63C1E	NULL (NULL:0) (atio6axx:0x00007FFE35D40000) ( 0x35cc878, 0x0, 0x5207680, 0x0 ) 
0x00007FFE366DD333	NULL (NULL:0) (atio6axx:0x00007FFE35D40000) ( 0x0, 0x5f488761, 0x5f488772, 0x0 ) 
0x00007FFE3645E43F	NULL (NULL:0) (atio6axx:0x00007FFE35D40000) ( 0x5dc67d50, 0x0, 0x0, 0x0 ) 
0x00007FFE37D62962	NULL (NULL:0) (atio6axx:0x00007FFE35D40000) ( 0x0, 0x0, 0x0, 0x0 ) 
0x00007FFEA70426AD	NULL (NULL:0) (KERNEL32:0x00007FFEA7030000) ( 0x0, 0x0, 0x0, 0x0 ) 

Thread 15256
=====================
0x00007FFEA88B28A4	NULL (NULL:0) (ntdll:0x00007FFEA8810000) ( 0x31fcdf00, 0x31fcdf00, 0x1, 0x31fcdf00 ) 
0x00007FFEA884536E	NULL (NULL:0) (ntdll:0x00007FFEA8810000) ( 0x0, 0x0, 0x0, 0x0 ) 
0x00007FFEA70426AD	NULL (NULL:0) (KERNEL32:0x00007FFEA7030000) ( 0x0, 0x0, 0x0, 0x0 ) 

Thread 1744
=====================
0x00007FFEA88B28A4	NULL (NULL:0) (ntdll:0x00007FFEA8810000) ( 0x10010, 0x31fa0c01, 0x1, 0x31fa0c50 ) 
0x00007FFEA884536E	NULL (NULL:0) (ntdll:0x00007FFEA8810000) ( 0x0, 0x0, 0x0, 0x0 ) 
0x00007FFEA70426AD	NULL (NULL:0) (KERNEL32:0x00007FFEA7030000) ( 0x0, 0x0, 0x0, 0x0 ) 

Thread 1764
=====================
0x00007FFEA88B28A4	NULL (NULL:0) (ntdll:0x00007FFEA8810000) ( 0x31fa0c50, 0x31fa0c50, 0x1, 0x31fa0c50 ) 
0x00007FFEA884536E	NULL (NULL:0) (ntdll:0x00007FFEA8810000) ( 0x0, 0x0, 0x0, 0x0 ) 
0x00007FFEA70426AD	NULL (NULL:0) (KERNEL32:0x00007FFEA7030000) ( 0x0, 0x0, 0x0, 0x0 ) 

Thread 9020
=====================
0x00007FFEA88AECD4	NULL (NULL:0) (ntdll:0x00007FFEA8810000) ( 0x8, 0x0, 0x1581f048, 0x0 ) 
0x00007FFEA5C5480E	NULL (NULL:0) (KERNELBASE:0x00007FFEA5C20000) ( 0x1, 0x623de750, 0x0, 0xd14 ) 
0x00007FFE35F26DF5	NULL (NULL:0) (atio6axx:0x00007FFE35D40000) ( 0x159238c8, 0x599cc5c0, 0x1, 0x623de750 ) 
0x00007FFE36A593BF	NULL (NULL:0) (atio6axx:0x00007FFE35D40000) ( 0x0, 0x4011a010, 0x1581f048, 0x1581f048 ) 
0x00007FFE35F26FFD	NULL (NULL:0) (atio6axx:0x00007FFE35D40000) ( 0x599cc5c0, 0x0, 0x0, 0x0 ) 
0x00007FFE37D62962	NULL (NULL:0) (atio6axx:0x00007FFE35D40000) ( 0x0, 0x0, 0x0, 0x0 ) 
0x00007FFEA70426AD	NULL (NULL:0) (KERNEL32:0x00007FFEA7030000) ( 0x0, 0x0, 0x0, 0x0 ) 

Thread 15028
=====================
0x00007FFEA88AECD4	NULL (NULL:0) (ntdll:0x00007FFEA8810000) ( 0x8, 0x0, 0x15b8f048, 0x0 ) 
0x00007FFEA5C5480E	NULL (NULL:0) (KERNELBASE:0x00007FFEA5C20000) ( 0x1, 0x623de768, 0x0, 0xd18 ) 
0x00007FFE35F26DF5	NULL (NULL:0) (atio6axx:0x00007FFE35D40000) ( 0x15c938c8, 0x599cd880, 0x1, 0x623de768 ) 
0x00007FFE36A593BF	NULL (NULL:0) (atio6axx:0x00007FFE35D40000) ( 0x0, 0x40119950, 0x15b8f048, 0x15b8f048 ) 
0x00007FFE35F26FFD	NULL (NULL:0) (atio6axx:0x00007FFE35D40000) ( 0x599cd880, 0x0, 0x0, 0x0 ) 
0x00007FFE37D62962	NULL (NULL:0) (atio6axx:0x00007FFE35D40000) ( 0x0, 0x0, 0x0, 0x0 ) 
0x00007FFEA70426AD	NULL (NULL:0) (KERNEL32:0x00007FFEA7030000) ( 0x0, 0x0, 0x0, 0x0 ) 

Thread 11524
=====================
0x00007FFEA88AECD4	NULL (NULL:0) (ntdll:0x00007FFEA8810000) ( 0x0, 0x0, 0x160b3048, 0x0 ) 
0x00007FFEA5C5480E	NULL (NULL:0) (KERNELBASE:0x00007FFEA5C20000) ( 0x1, 0x623de780, 0x0, 0xd1c ) 
0x00007FFE35F26DF5	NULL (NULL:0) (atio6axx:0x00007FFE35D40000) ( 0x161b78c8, 0x599cce90, 0x1, 0x623de780 ) 
0x00007FFE36A593BF	NULL (NULL:0) (atio6axx:0x00007FFE35D40000) ( 0x0, 0x40119050, 0x160b3048, 0x160b3048 ) 
0x00007FFE35F26FFD	NULL (NULL:0) (atio6axx:0x00007FFE35D40000) ( 0x599cce90, 0x0, 0x0, 0x0 ) 
0x00007FFE37D62962	NULL (NULL:0) (atio6axx:0x00007FFE35D40000) ( 0x0, 0x0, 0x0, 0x0 ) 
0x00007FFEA70426AD	NULL (NULL:0) (KERNEL32:0x00007FFEA7030000) ( 0x0, 0x0, 0x0, 0x0 ) 

Thread 18680
=====================
0x00007FFEA88AECD4	NULL (NULL:0) (ntdll:0x00007FFEA8810000) ( 0x0, 0x0, 0x18286048, 0x0 ) 
0x00007FFEA5C5480E	NULL (NULL:0) (KERNELBASE:0x00007FFEA5C20000) ( 0x1, 0x623de798, 0x0, 0xd20 ) 
0x00007FFE35F26DF5	NULL (NULL:0) (atio6axx:0x00007FFE35D40000) ( 0x1838a8c8, 0x599cd8e0, 0x1, 0x623de798 ) 
0x00007FFE36A593BF	NULL (NULL:0) (atio6axx:0x00007FFE35D40000) ( 0x0, 0x40119290, 0x18286048, 0x18286048 ) 
0x00007FFE35F26FFD	NULL (NULL:0) (atio6axx:0x00007FFE35D40000) ( 0x599cd8e0, 0x0, 0x0, 0x0 ) 
0x00007FFE37D62962	NULL (NULL:0) (atio6axx:0x00007FFE35D40000) ( 0x0, 0x0, 0x0, 0x0 ) 
0x00007FFEA70426AD	NULL (NULL:0) (KERNEL32:0x00007FFEA7030000) ( 0x0, 0x0, 0x0, 0x0 ) 

Thread 4700
=====================
0x00007FFEA88AECD4	NULL (NULL:0) (ntdll:0x00007FFEA8810000) ( 0x8, 0x0, 0x196af048, 0x0 ) 
0x00007FFEA5C5480E	NULL (NULL:0) (KERNELBASE:0x00007FFEA5C20000) ( 0x1, 0x623de780, 0x0, 0xd24 ) 
0x00007FFE35F26DF5	NULL (NULL:0) (atio6axx:0x00007FFE35D40000) ( 0x197b38c8, 0x599ccce0, 0x1, 0x623de780 ) 
0x00007FFE36A593BF	NULL (NULL:0) (atio6axx:0x00007FFE35D40000) ( 0x0, 0x40118a50, 0x196af048, 0x196af048 ) 
0x00007FFE35F26FFD	NULL (NULL:0) (atio6axx:0x00007FFE35D40000) ( 0x599ccce0, 0x0, 0x0, 0x0 ) 
0x00007FFE37D62962	NULL (NULL:0) (atio6axx:0x00007FFE35D40000) ( 0x0, 0x0, 0x0, 0x0 ) 
0x00007FFEA70426AD	NULL (NULL:0) (KERNEL32:0x00007FFEA7030000) ( 0x0, 0x0, 0x0, 0x0 ) 

Thread 15560
=====================
0x00007FFEA88AECD4	NULL (NULL:0) (ntdll:0x00007FFEA8810000) ( 0x8, 0x0, 0x19392048, 0x0 ) 
0x00007FFEA5C5480E	NULL (NULL:0) (KERNELBASE:0x00007FFEA5C20000) ( 0x1, 0x623de798, 0x0, 0xd28 ) 
0x00007FFE35F26DF5	NULL (NULL:0) (atio6axx:0x00007FFE35D40000) ( 0x194968c8, 0x599cd820, 0x1, 0x623de798 ) 
0x00007FFE36A593BF	NULL (NULL:0) (atio6axx:0x00007FFE35D40000) ( 0x0, 0x40119b90, 0x19392048, 0x19392048 ) 
0x00007FFE35F26FFD	NULL (NULL:0) (atio6axx:0x00007FFE35D40000) ( 0x599cd820, 0x0, 0x0, 0x0 ) 
0x00007FFE37D62962	NULL (NULL:0) (atio6axx:0x00007FFE35D40000) ( 0x0, 0x0, 0x0, 0x0 ) 
0x00007FFEA70426AD	NULL (NULL:0) (KERNEL32:0x00007FFEA7030000) ( 0x0, 0x0, 0x0, 0x0 ) 

Thread 16760
=====================
0x00007FFEA88B28A4	NULL (NULL:0) (ntdll:0x00007FFEA8810000) ( 0x0, 0x31fcdf00, 0x0, 0x0 ) 
0x00007FFEA884536E	NULL (NULL:0) (ntdll:0x00007FFEA8810000) ( 0x0, 0x0, 0x0, 0x0 ) 
0x00007FFEA70426AD	NULL (NULL:0) (KERNEL32:0x00007FFEA7030000) ( 0x0, 0x0, 0x0, 0x0 ) 
